[ 2017-12-05T14:53:40+08:00 ] ::1 ::1 GET /index.php/
[ log ] localhost/index.php/ [运行时间：1.335962s][吞吐率：0.75req/s] [内存消耗：2,595.58kb] [文件加载：66]

---------------------------------------------------------------
[ 2017-12-05T14:53:50+08:00 ] ::1 ::1 GET /index.php/
[ log ] localhost/index.php/ [运行时间：1.140363s][吞吐率：0.88req/s] [内存消耗：2,336.60kb] [文件加载：59]

---------------------------------------------------------------
[ 2017-12-05T14:53:58+08:00 ] ::1 ::1 GET /index.php/index.html
[ log ] localhost/index.php/index.html [运行时间：1.103500s][吞吐率：0.91req/s] [内存消耗：2,336.58kb] [文件加载：59]

---------------------------------------------------------------
[ 2017-12-05T14:54:09+08:00 ] ::1 ::1 GET /index.php/login.html
[ log ] localhost/index.php/login.html [运行时间：1.072735s][吞吐率：0.93req/s] [内存消耗：2,023.70kb] [文件加载：58]

---------------------------------------------------------------
[ 2017-12-05T14:54:22+08:00 ] ::1 ::1 GET /index.php/login.html
[ log ] localhost/index.php/login.html [运行时间：1.065269s][吞吐率：0.94req/s] [内存消耗：1,905.02kb] [文件加载：56]

---------------------------------------------------------------
[ 2017-12-05T14:54:33+08:00 ] ::1 ::1 GET /index.php/login.html
[ log ] localhost/index.php/login.html [运行时间：1.090446s][吞吐率：0.92req/s] [内存消耗：1,905.06kb] [文件加载：56]

---------------------------------------------------------------
[ 2017-12-05T14:54:43+08:00 ] ::1 ::1 POST /index.php/login.html
[ log ] localhost/index.php/login.html [运行时间：1.100310s][吞吐率：0.91req/s] [内存消耗：2,068.86kb] [文件加载：57]

---------------------------------------------------------------
[ 2017-12-05T14:54:48+08:00 ] ::1 ::1 GET /index.php/login.html
[ log ] localhost/index.php/login.html [运行时间：1.068039s][吞吐率：0.94req/s] [内存消耗：1,904.57kb] [文件加载：56]

---------------------------------------------------------------
[ 2017-12-05T14:58:33+08:00 ] ::1 ::1 GET /index.php/admin.html
[ log ] localhost/index.php/admin.html [运行时间：1.645432s][吞吐率：0.61req/s] [内存消耗：2,510.84kb] [文件加载：58]

---------------------------------------------------------------
[ 2017-12-05T14:58:34+08:00 ] ::1 ::1 GET /index.php/login.html
[ log ] localhost/index.php/login.html [运行时间：1.121138s][吞吐率：0.89req/s] [内存消耗：1,904.97kb] [文件加载：56]

---------------------------------------------------------------
[ 2017-12-05T14:58:39+08:00 ] ::1 ::1 GET /index.php/
[ log ] localhost/index.php/ [运行时间：1.248295s][吞吐率：0.80req/s] [内存消耗：2,337.08kb] [文件加载：59]

---------------------------------------------------------------
[ 2017-12-05T14:58:46+08:00 ] ::1 ::1 GET /
[ log ] localhost/ [运行时间：1.083978s][吞吐率：0.92req/s] [内存消耗：2,243.23kb] [文件加载：57]

---------------------------------------------------------------
[ 2017-12-05T14:58:47+08:00 ] ::1 ::1 GET /index.php
[ log ] localhost/index.php [运行时间：1.112517s][吞吐率：0.90req/s] [内存消耗：2,336.97kb] [文件加载：59]

---------------------------------------------------------------
[ 2017-12-05T14:59:04+08:00 ] ::1 ::1 GET /index.php
[ log ] localhost/index.php [运行时间：1.142984s][吞吐率：0.87req/s] [内存消耗：2,336.97kb] [文件加载：59]

---------------------------------------------------------------
[ 2017-12-05T15:11:09+08:00 ] ::1 ::1 GET /index.php/admin
[ log ] localhost/index.php/admin [运行时间：1.114922s][吞吐率：0.90req/s] [内存消耗：2,511.20kb] [文件加载：58]

---------------------------------------------------------------
[ 2017-12-05T15:11:10+08:00 ] ::1 ::1 GET /index.php/login.html
[ log ] localhost/index.php/login.html [运行时间：1.064462s][吞吐率：0.94req/s] [内存消耗：1,904.97kb] [文件加载：56]

---------------------------------------------------------------
[ 2017-12-05T15:13:03+08:00 ] ::1 ::1 GET /index.php/login.html
[ log ] localhost/index.php/login.html [运行时间：1.080486s][吞吐率：0.93req/s] [内存消耗：1,904.97kb] [文件加载：56]

---------------------------------------------------------------
[ 2017-12-05T15:20:27+08:00 ] ::1 ::1 GET /index.php/login.html
[ log ] localhost/index.php/login.html [运行时间：1.076082s][吞吐率：0.93req/s] [内存消耗：1,904.97kb] [文件加载：56]

---------------------------------------------------------------
[ 2017-12-05T15:20:48+08:00 ] ::1 ::1 GET /index.php/login.html
[ log ] localhost/index.php/login.html [运行时间：1.070319s][吞吐率：0.93req/s] [内存消耗：1,904.97kb] [文件加载：56]

---------------------------------------------------------------
[ 2017-12-05T15:20:55+08:00 ] ::1 ::1 POST /index.php/login.html
[ log ] localhost/index.php/login.html [运行时间：1.137385s][吞吐率：0.88req/s] [内存消耗：2,131.12kb] [文件加载：60]

---------------------------------------------------------------
[ 2017-12-05T15:20:57+08:00 ] ::1 ::1 GET /index.php/admin.html
[ log ] localhost/index.php/admin.html [运行时间：1.165900s][吞吐率：0.86req/s] [内存消耗：2,671.12kb] [文件加载：60]

---------------------------------------------------------------
[ 2017-12-05T15:21:19+08:00 ] ::1 ::1 POST /index.php/admin/Index/version
[ log ] localhost/index.php/admin/Index/version [运行时间：22.367122s][吞吐率：0.04req/s] [内存消耗：2,509.98kb] [文件加载：58]

---------------------------------------------------------------
[ 2017-12-05T15:22:18+08:00 ] ::1 ::1 GET /index.php/lost.html
[ log ] localhost/index.php/lost.html [运行时间：1.162080s][吞吐率：0.86req/s] [内存消耗：2,530.73kb] [文件加载：65]

---------------------------------------------------------------
[ 2017-12-05T15:22:25+08:00 ] ::1 ::1 GET /
[ log ] localhost/ [运行时间：1.071659s][吞吐率：0.93req/s] [内存消耗：2,243.09kb] [文件加载：57]

---------------------------------------------------------------
[ 2017-12-05T15:22:26+08:00 ] ::1 ::1 GET /index.php
[ log ] localhost/index.php [运行时间：1.119200s][吞吐率：0.89req/s] [内存消耗：2,337.06kb] [文件加载：59]

---------------------------------------------------------------
[ 2017-12-05T15:22:31+08:00 ] ::1 ::1 GET /index.php/index/index/usercenter.html
[ log ] localhost/index.php/index/index/usercenter.html [运行时间：1.077171s][吞吐率：0.93req/s] [内存消耗：2,278.30kb] [文件加载：58]

---------------------------------------------------------------
[ 2017-12-05T15:22:32+08:00 ] ::1 ::1 GET /index.php/admin.html
[ log ] localhost/index.php/admin.html [运行时间：1.139427s][吞吐率：0.88req/s] [内存消耗：2,526.68kb] [文件加载：57]

---------------------------------------------------------------
[ 2017-12-05T15:22:33+08:00 ] ::1 ::1 POST /index.php/admin/Index/version
[ log ] localhost/index.php/admin/Index/version [运行时间：1.275185s][吞吐率：0.78req/s] [内存消耗：2,509.63kb] [文件加载：58]

---------------------------------------------------------------
[ 2017-12-05T15:25:21+08:00 ] ::1 ::1 GET /index.php/admin.html
[ log ] localhost/index.php/admin.html [运行时间：1.137594s][吞吐率：0.88req/s] [内存消耗：2,526.30kb] [文件加载：57]

---------------------------------------------------------------
[ 2017-12-05T15:25:22+08:00 ] ::1 ::1 POST /index.php/admin/Index/version
[ log ] localhost/index.php/admin/Index/version [运行时间：1.262971s][吞吐率：0.79req/s] [内存消耗：2,509.34kb] [文件加载：58]

---------------------------------------------------------------
[ 2017-12-05T15:25:24+08:00 ] ::1 ::1 GET /index.php/admin.html
[ log ] localhost/index.php/admin.html [运行时间：1.117431s][吞吐率：0.89req/s] [内存消耗：2,526.23kb] [文件加载：57]

---------------------------------------------------------------
[ 2017-12-05T15:25:25+08:00 ] ::1 ::1 POST /index.php/admin/Index/version
[ log ] localhost/index.php/admin/Index/version [运行时间：1.282572s][吞吐率：0.78req/s] [内存消耗：2,509.34kb] [文件加载：58]

---------------------------------------------------------------
[ 2017-12-05T15:25:27+08:00 ] ::1 ::1 GET /index.php/index.html
[ log ] localhost/index.php/index.html [运行时间：1.123223s][吞吐率：0.89req/s] [内存消耗：2,337.24kb] [文件加载：59]

---------------------------------------------------------------
[ 2017-12-05T15:25:31+08:00 ] ::1 ::1 GET /index.php/admin/Index/write.html
[ log ] localhost/index.php/admin/Index/write.html [运行时间：1.142200s][吞吐率：0.88req/s] [内存消耗：2,683.37kb] [文件加载：59]

---------------------------------------------------------------
[ 2017-12-05T15:25:43+08:00 ] ::1 ::1 GET /index.php/admin/Index/addclassify.html
[ log ] localhost/index.php/admin/Index/addclassify.html [运行时间：1.108006s][吞吐率：0.90req/s] [内存消耗：2,646.20kb] [文件加载：59]

---------------------------------------------------------------
[ 2017-12-05T15:25:52+08:00 ] ::1 ::1 POST /index.php/admin/Index/addclassify.html
[ log ] localhost/index.php/admin/Index/addclassify.html [运行时间：1.105073s][吞吐率：0.90req/s] [内存消耗：2,524.85kb] [文件加载：58]

---------------------------------------------------------------
[ 2017-12-05T15:25:58+08:00 ] ::1 ::1 GET /index.php/index.html
[ log ] localhost/index.php/index.html [运行时间：1.135818s][吞吐率：0.88req/s] [内存消耗：2,337.21kb] [文件加载：59]

---------------------------------------------------------------
[ 2017-12-05T15:26:03+08:00 ] ::1 ::1 GET /index.php/article/2.html
[ log ] localhost/index.php/article/2.html [运行时间：1.231514s][吞吐率：0.81req/s] [内存消耗：2,570.27kb] [文件加载：65]

---------------------------------------------------------------
[ 2017-12-05T15:26:07+08:00 ] ::1 ::1 POST /index.php/index/Index/zan
[ log ] localhost/index.php/index/Index/zan [运行时间：1.095787s][吞吐率：0.91req/s] [内存消耗：2,241.37kb] [文件加载：56]

---------------------------------------------------------------
[ 2017-12-05T15:31:48+08:00 ] ::1 ::1 GET /index.php/admin/Index/test.html
[ log ] localhost/index.php/admin/Index/test.html [运行时间：1.094827s][吞吐率：0.91req/s] [内存消耗：2,493.01kb] [文件加载：56]

---------------------------------------------------------------
[ 2017-12-05T15:32:01+08:00 ] ::1 ::1 GET /index.php/admin/Index/test.html
[ log ] localhost/index.php/admin/Index/test.html [运行时间：1.148689s][吞吐率：0.87req/s] [内存消耗：2,537.76kb] [文件加载：60]
[ error ] [0]模板文件不存在:C:\Users\flyingBugger\Desktop\ar\cms/application/admin\view\index\test.html

---------------------------------------------------------------
[ 2017-12-05T15:32:10+08:00 ] ::1 ::1 GET /index.php/admin/Index/test.html
[ log ] localhost/index.php/admin/Index/test.html [运行时间：1.089812s][吞吐率：0.92req/s] [内存消耗：2,537.78kb] [文件加载：60]
[ error ] [0]模板文件不存在:C:\Users\flyingBugger\Desktop\ar\cms/application/admin\view\index\test.html

---------------------------------------------------------------
[ 2017-12-05T15:32:36+08:00 ] ::1 ::1 GET /index.php/admin/Index/test.html
[ log ] localhost/index.php/admin/Index/test.html [运行时间：1.141296s][吞吐率：0.88req/s] [内存消耗：2,534.88kb] [文件加载：60]
[ error ] [8]未定义数组索引: begin

---------------------------------------------------------------
[ 2017-12-05T15:32:43+08:00 ] ::1 ::1 GET /index.php/admin/Index/test.html
[ log ] localhost/index.php/admin/Index/test.html [运行时间：1.078061s][吞吐率：0.93req/s] [内存消耗：2,534.88kb] [文件加载：60]
[ error ] [8]未定义数组索引: begin

---------------------------------------------------------------
[ 2017-12-05T15:32:57+08:00 ] ::1 ::1 GET /index.php/admin/Index/test.html
[ log ] localhost/index.php/admin/Index/test.html [运行时间：1.111136s][吞吐率：0.90req/s] [内存消耗：2,538.35kb] [文件加载：60]
[ error ] [8]未定义数组索引: begin[C:\Users\flyingBugger\Desktop\ar\cms\catfish\library\think\Debug.php:56]

---------------------------------------------------------------
[ 2017-12-05T15:33:29+08:00 ] ::1 ::1 GET /index.php/admin/Index/test.html
[ log ] localhost/index.php/admin/Index/test.html [运行时间：1.096372s][吞吐率：0.91req/s] [内存消耗：2,538.35kb] [文件加载：60]
[ error ] [8]未定义数组索引: begin[C:\Users\flyingBugger\Desktop\ar\cms\catfish\library\think\Debug.php:56]

---------------------------------------------------------------
[ 2017-12-05T15:33:43+08:00 ] ::1 ::1 GET /index.php/admin/test.html
[ log ] localhost/index.php/admin/test.html [运行时间：0.067302s][吞吐率：14.86req/s] [内存消耗：1,077.62kb] [文件加载：39]

---------------------------------------------------------------
[ 2017-12-05T15:33:55+08:00 ] ::1 ::1 GET /index.php/admin/Index/test.html
[ log ] localhost/index.php/admin/Index/test.html [运行时间：1.091220s][吞吐率：0.92req/s] [内存消耗：2,538.15kb] [文件加载：60]
[ error ] [8]未定义数组索引: begin[C:\Users\flyingBugger\Desktop\ar\cms\catfish\library\think\Debug.php:56]

---------------------------------------------------------------
[ 2017-12-05T15:34:09+08:00 ] ::1 ::1 GET /index.php/admin/Index/test.html
[ log ] localhost/index.php/admin/Index/test.html [运行时间：1.072241s][吞吐率：0.93req/s] [内存消耗：2,538.82kb] [文件加载：60]
[ error ] [8]未定义数组索引: begin[C:\Users\flyingBugger\Desktop\ar\cms\catfish\library\think\Debug.php:56]

---------------------------------------------------------------
[ 2017-12-05T15:34:22+08:00 ] ::1 ::1 GET /index.php/admin/Index/test.html
[ log ] localhost/index.php/admin/Index/test.html [运行时间：1.074713s][吞吐率：0.93req/s] [内存消耗：2,504.21kb] [文件加载：56]

---------------------------------------------------------------
[ 2017-12-05T15:34:40+08:00 ] ::1 ::1 GET /index.php/admin/Index/test.html
[ log ] localhost/index.php/admin/Index/test.html [运行时间：1.090747s][吞吐率：0.92req/s] [内存消耗：2,538.35kb] [文件加载：60]
[ error ] [8]未定义数组索引: begin[C:\Users\flyingBugger\Desktop\ar\cms\catfish\library\think\Debug.php:56]

---------------------------------------------------------------
[ 2017-12-05T17:41:45+08:00 ] ::1 ::1 GET /
[ log ] localhost/ [运行时间：0.123361s][吞吐率：8.11req/s] [内存消耗：1,048.83kb] [文件加载：38]
[ error ] [4]语法错误: unexpected ')', expecting variable (T_VARIABLE)[C:\Users\flyingBugger\Desktop\ar\cms\application\route.php:13]

---------------------------------------------------------------
[ 2017-12-05T17:42:05+08:00 ] ::1 ::1 GET /
[ log ] localhost/ [运行时间：1.360982s][吞吐率：0.73req/s] [内存消耗：2,251.05kb] [文件加载：57]

---------------------------------------------------------------
[ 2017-12-05T17:42:07+08:00 ] ::1 ::1 GET /index.php
[ log ] localhost/index.php [运行时间：1.420668s][吞吐率：0.70req/s] [内存消耗：2,455.61kb] [文件加载：64]

---------------------------------------------------------------
[ 2017-12-05T17:53:01+08:00 ] ::1 ::1 GET /
[ log ] localhost/ [运行时间：0.023996s][吞吐率：41.67req/s] [内存消耗：1,010.23kb] [文件加载：35]

---------------------------------------------------------------
[ 2017-12-05T17:55:04+08:00 ] ::1 ::1 GET /
[ log ] localhost/ [运行时间：0.022733s][吞吐率：43.99req/s] [内存消耗：1,010.23kb] [文件加载：35]

---------------------------------------------------------------
[ 2017-12-05T17:56:02+08:00 ] ::1 ::1 GET /a
[ log ] localhost/a [运行时间：0.021175s][吞吐率：47.23req/s] [内存消耗：1,013.30kb] [文件加载：35]

---------------------------------------------------------------
[ 2017-12-05T17:56:24+08:00 ] ::1 ::1 GET /a/a
[ log ] localhost/a/a [运行时间：0.019842s][吞吐率：50.40req/s] [内存消耗：1,014.30kb] [文件加载：35]

---------------------------------------------------------------
[ 2017-12-05T17:56:45+08:00 ] ::1 ::1 GET /index.html
[ log ] localhost/index.html [运行时间：1.070126s][吞吐率：0.93req/s] [内存消耗：2,242.63kb] [文件加载：57]

---------------------------------------------------------------
[ 2017-12-05T17:56:46+08:00 ] ::1 ::1 GET /index.php
[ log ] localhost/index.php [运行时间：1.113137s][吞吐率：0.90req/s] [内存消耗：2,333.13kb] [文件加载：59]

---------------------------------------------------------------
