[ 2017-12-06T08:37:30+08:00 ] ::1 ::1 GET /
[ log ] localhost/ [运行时间：1.824163s][吞吐率：0.55req/s] [内存消耗：2,240.06kb] [文件加载：57]

---------------------------------------------------------------
[ 2017-12-06T08:37:34+08:00 ] ::1 ::1 GET /index.php
[ log ] localhost/index.php [运行时间：4.020894s][吞吐率：0.25req/s] [内存消耗：2,451.30kb] [文件加载：64]

---------------------------------------------------------------
[ 2017-12-06T08:41:50+08:00 ] ::1 ::1 GET /index.php/admin
[ log ] localhost/index.php/admin [运行时间：2.137070s][吞吐率：0.47req/s] [内存消耗：2,507.13kb] [文件加载：58]

---------------------------------------------------------------
[ 2017-12-06T08:41:51+08:00 ] ::1 ::1 GET /index.php/login.html
[ log ] localhost/index.php/login.html [运行时间：1.177026s][吞吐率：0.85req/s] [内存消耗：1,901.23kb] [文件加载：56]

---------------------------------------------------------------
[ 2017-12-06T08:47:07+08:00 ] ::1 ::1 GET /index.php/login.html
[ log ] localhost/index.php/login.html [运行时间：1.141582s][吞吐率：0.88req/s] [内存消耗：2,020.71kb] [文件加载：58]

---------------------------------------------------------------
[ 2017-12-06T08:47:11+08:00 ] ::1 ::1 GET /index.php/login/index/register.html
[ log ] localhost/index.php/login/index/register.html [运行时间：1.072279s][吞吐率：0.93req/s] [内存消耗：1,985.75kb] [文件加载：57]

---------------------------------------------------------------
[ 2017-12-06T08:48:50+08:00 ] ::1 ::1 GET /index.php/login/index/register.html
[ log ] localhost/index.php/login/index/register.html [运行时间：1.079832s][吞吐率：0.93req/s] [内存消耗：1,867.12kb] [文件加载：55]

---------------------------------------------------------------
[ 2017-12-06T08:49:00+08:00 ] ::1 ::1 GET /index.php/login/index/register.html
[ log ] localhost/index.php/login/index/register.html [运行时间：1.082918s][吞吐率：0.92req/s] [内存消耗：1,867.13kb] [文件加载：55]

---------------------------------------------------------------
[ 2017-12-06T08:49:11+08:00 ] ::1 ::1 GET /index.php/login/index/register.html
[ log ] localhost/index.php/login/index/register.html [运行时间：1.070808s][吞吐率：0.93req/s] [内存消耗：1,867.12kb] [文件加载：55]

---------------------------------------------------------------
[ 2017-12-06T08:49:18+08:00 ] ::1 ::1 GET /index.php/login/index/register.html
[ log ] localhost/index.php/login/index/register.html [运行时间：1.071252s][吞吐率：0.93req/s] [内存消耗：1,867.11kb] [文件加载：55]

---------------------------------------------------------------
[ 2017-12-06T08:49:25+08:00 ] ::1 ::1 GET /index.php/login.html
[ log ] localhost/index.php/login.html [运行时间：1.095713s][吞吐率：0.91req/s] [内存消耗：1,901.65kb] [文件加载：56]

---------------------------------------------------------------
[ 2017-12-06T08:49:31+08:00 ] ::1 ::1 GET /index.php/login.html
[ log ] localhost/index.php/login.html [运行时间：1.067718s][吞吐率：0.94req/s] [内存消耗：1,901.58kb] [文件加载：56]

---------------------------------------------------------------
[ 2017-12-06T08:50:13+08:00 ] ::1 ::1 GET /index.php/login.html
[ log ] localhost/index.php/login.html [运行时间：1.069089s][吞吐率：0.94req/s] [内存消耗：1,901.58kb] [文件加载：56]

---------------------------------------------------------------
[ 2017-12-06T08:50:16+08:00 ] ::1 ::1 GET /index.php/login/index/register.html
[ log ] localhost/index.php/login/index/register.html [运行时间：1.073010s][吞吐率：0.93req/s] [内存消耗：1,985.73kb] [文件加载：57]

---------------------------------------------------------------
[ 2017-12-06T08:50:37+08:00 ] ::1 ::1 POST /index.php/login/index/register.html
[ log ] localhost/index.php/login/index/register.html [运行时间：1.188742s][吞吐率：0.84req/s] [内存消耗：2,061.55kb] [文件加载：59]

---------------------------------------------------------------
[ 2017-12-06T08:50:38+08:00 ] ::1 ::1 GET /lost.html
[ log ] localhost/lost.html [运行时间：1.171919s][吞吐率：0.85req/s] [内存消耗：2,243.28kb] [文件加载：57]

---------------------------------------------------------------
[ 2017-12-06T08:50:39+08:00 ] ::1 ::1 GET /index.php
[ log ] localhost/index.php [运行时间：1.095333s][吞吐率：0.91req/s] [内存消耗：2,263.72kb] [文件加载：58]

---------------------------------------------------------------
[ 2017-12-06T08:50:40+08:00 ] ::1 ::1 GET /index.php/lost.html
[ log ] localhost/index.php/lost.html [运行时间：1.074726s][吞吐率：0.93req/s] [内存消耗：2,253.24kb] [文件加载：58]

---------------------------------------------------------------
[ 2017-12-06T08:50:42+08:00 ] ::1 ::1 GET /index.php/login.html
[ log ] localhost/index.php/login.html [运行时间：1.068221s][吞吐率：0.94req/s] [内存消耗：1,901.58kb] [文件加载：56]

---------------------------------------------------------------
[ 2017-12-06T08:50:46+08:00 ] ::1 ::1 GET /index.php/index.html
[ log ] localhost/index.php/index.html [运行时间：1.095733s][吞吐率：0.91req/s] [内存消耗：2,263.76kb] [文件加载：58]

---------------------------------------------------------------
[ 2017-12-06T08:50:47+08:00 ] ::1 ::1 GET /index.php/lost.html
[ log ] localhost/index.php/lost.html [运行时间：1.061561s][吞吐率：0.94req/s] [内存消耗：2,253.27kb] [文件加载：58]

---------------------------------------------------------------
[ 2017-12-06T08:50:54+08:00 ] ::1 ::1 GET /index.php
[ log ] localhost/index.php [运行时间：1.100571s][吞吐率：0.91req/s] [内存消耗：2,263.65kb] [文件加载：58]

---------------------------------------------------------------
[ 2017-12-06T08:50:55+08:00 ] ::1 ::1 GET /index.php/lost.html
[ log ] localhost/index.php/lost.html [运行时间：1.105945s][吞吐率：0.90req/s] [内存消耗：2,253.32kb] [文件加载：58]

---------------------------------------------------------------
[ 2017-12-06T08:51:30+08:00 ] ::1 ::1 GET /
[ log ] localhost/ [运行时间：1.074409s][吞吐率：0.93req/s] [内存消耗：2,239.75kb] [文件加载：57]

---------------------------------------------------------------
[ 2017-12-06T08:51:31+08:00 ] ::1 ::1 GET /index.php
[ log ] localhost/index.php [运行时间：1.069824s][吞吐率：0.93req/s] [内存消耗：2,263.65kb] [文件加载：58]

---------------------------------------------------------------
[ 2017-12-06T08:51:32+08:00 ] ::1 ::1 GET /index.php/lost.html
[ log ] localhost/index.php/lost.html [运行时间：1.072724s][吞吐率：0.93req/s] [内存消耗：2,253.32kb] [文件加载：58]

---------------------------------------------------------------
[ 2017-12-06T08:51:59+08:00 ] ::1 ::1 GET /index.php/lost.html
[ log ] localhost/index.php/lost.html [运行时间：1.080043s][吞吐率：0.93req/s] [内存消耗：2,253.58kb] [文件加载：58]

---------------------------------------------------------------
[ 2017-12-06T08:52:13+08:00 ] ::1 ::1 GET /index.php/lost.html
[ log ] localhost/index.php/lost.html [运行时间：1.214697s][吞吐率：0.82req/s] [内存消耗：2,411.48kb] [文件加载：63]

---------------------------------------------------------------
[ 2017-12-06T08:52:19+08:00 ] ::1 ::1 GET /
[ log ] localhost/ [运行时间：1.091800s][吞吐率：0.92req/s] [内存消耗：2,239.80kb] [文件加载：57]

---------------------------------------------------------------
[ 2017-12-06T08:52:20+08:00 ] ::1 ::1 GET /index.php
[ log ] localhost/index.php [运行时间：1.103067s][吞吐率：0.91req/s] [内存消耗：2,333.13kb] [文件加载：59]

---------------------------------------------------------------
[ 2017-12-06T08:52:37+08:00 ] ::1 ::1 GET /index.php
[ log ] localhost/index.php [运行时间：1.068540s][吞吐率：0.94req/s] [内存消耗：2,263.66kb] [文件加载：58]

---------------------------------------------------------------
[ 2017-12-06T08:52:38+08:00 ] ::1 ::1 GET /index.php/lost.html
[ log ] localhost/index.php/lost.html [运行时间：1.050864s][吞吐率：0.95req/s] [内存消耗：2,253.27kb] [文件加载：58]

---------------------------------------------------------------
[ 2017-12-06T09:02:17+08:00 ] ::1 ::1 GET /index.php/lost.html
[ log ] localhost/index.php/lost.html [运行时间：1.085329s][吞吐率：0.92req/s] [内存消耗：2,253.31kb] [文件加载：58]

---------------------------------------------------------------
[ 2017-12-06T09:02:32+08:00 ] ::1 ::1 GET /index.php
[ log ] localhost/index.php [运行时间：1.087170s][吞吐率：0.92req/s] [内存消耗：2,263.65kb] [文件加载：58]

---------------------------------------------------------------
[ 2017-12-06T09:02:34+08:00 ] ::1 ::1 GET /index.php/lost.html
[ log ] localhost/index.php/lost.html [运行时间：1.078634s][吞吐率：0.93req/s] [内存消耗：2,253.32kb] [文件加载：58]

---------------------------------------------------------------
[ 2017-12-06T09:08:06+08:00 ] ::1 ::1 GET /index.php
[ log ] localhost/index.php [运行时间：1.094485s][吞吐率：0.91req/s] [内存消耗：2,333.13kb] [文件加载：59]

---------------------------------------------------------------
[ 2017-12-06T09:08:33+08:00 ] ::1 ::1 GET /index.php/admin
[ log ] localhost/index.php/admin [运行时间：1.084995s][吞吐率：0.92req/s] [内存消耗：2,507.13kb] [文件加载：58]

---------------------------------------------------------------
[ 2017-12-06T09:08:34+08:00 ] ::1 ::1 GET /index.php/login.html
[ log ] localhost/index.php/login.html [运行时间：1.131183s][吞吐率：0.88req/s] [内存消耗：1,901.24kb] [文件加载：56]

---------------------------------------------------------------
[ 2017-12-06T09:08:51+08:00 ] ::1 ::1 POST /index.php/login.html
[ log ] localhost/index.php/login.html [运行时间：1.094789s][吞吐率：0.91req/s] [内存消耗：2,127.69kb] [文件加载：60]

---------------------------------------------------------------
[ 2017-12-06T09:08:52+08:00 ] ::1 ::1 GET /index.php/admin.html
[ log ] localhost/index.php/admin.html [运行时间：1.147260s][吞吐率：0.87req/s] [内存消耗：2,522.92kb] [文件加载：57]

---------------------------------------------------------------
[ 2017-12-06T09:08:53+08:00 ] ::1 ::1 POST /index.php/admin/Index/version
[ log ] localhost/index.php/admin/Index/version [运行时间：1.327058s][吞吐率：0.75req/s] [内存消耗：2,506.09kb] [文件加载：58]

---------------------------------------------------------------
[ 2017-12-06T09:09:04+08:00 ] ::1 ::1 GET /index.php/admin/Index/plugin.html
[ log ] localhost/index.php/admin/Index/plugin.html [运行时间：1.143794s][吞吐率：0.87req/s] [内存消耗：2,643.11kb] [文件加载：60]

---------------------------------------------------------------
[ 2017-12-06T09:09:16+08:00 ] ::1 ::1 GET /index.php/admin/Index/web.html
[ log ] localhost/index.php/admin/Index/web.html [运行时间：1.114091s][吞吐率：0.90req/s] [内存消耗：2,681.07kb] [文件加载：59]

---------------------------------------------------------------
[ 2017-12-06T09:11:08+08:00 ] ::1 ::1 POST /index.php/admin/Index/web.html
[ log ] localhost/index.php/admin/Index/web.html [运行时间：1.142547s][吞吐率：0.88req/s] [内存消耗：2,542.27kb] [文件加载：58]

---------------------------------------------------------------
[ 2017-12-06T09:11:17+08:00 ] ::1 ::1 GET /index.php
[ log ] localhost/index.php [运行时间：1.196253s][吞吐率：0.84req/s] [内存消耗：2,452.63kb] [文件加载：64]

---------------------------------------------------------------
[ 2017-12-06T09:11:24+08:00 ] ::1 ::1 GET /index.php/article/2.html
[ log ] localhost/index.php/article/2.html [运行时间：1.185972s][吞吐率：0.84req/s] [内存消耗：2,434.58kb] [文件加载：63]

---------------------------------------------------------------
[ 2017-12-06T09:11:29+08:00 ] ::1 ::1 POST /index.php/index/Index/zan
[ log ] localhost/index.php/index/Index/zan [运行时间：1.076976s][吞吐率：0.93req/s] [内存消耗：2,237.75kb] [文件加载：56]

---------------------------------------------------------------
[ 2017-12-06T09:11:34+08:00 ] ::1 ::1 GET /index.php
[ log ] localhost/index.php [运行时间：1.081154s][吞吐率：0.92req/s] [内存消耗：2,333.90kb] [文件加载：59]

---------------------------------------------------------------
[ 2017-12-06T09:11:37+08:00 ] ::1 ::1 GET /index.php/article/2.html
[ log ] localhost/index.php/article/2.html [运行时间：1.092228s][吞吐率：0.92req/s] [内存消耗：2,427.70kb] [文件加载：63]

---------------------------------------------------------------
[ 2017-12-06T09:11:40+08:00 ] ::1 ::1 POST /index.php/index/Index/zan
[ log ] localhost/index.php/index/Index/zan [运行时间：1.088923s][吞吐率：0.92req/s] [内存消耗：2,237.75kb] [文件加载：56]

---------------------------------------------------------------
[ 2017-12-06T09:15:13+08:00 ] ::1 ::1 GET /index.php/article/2.html
[ log ] localhost/index.php/article/2.html [运行时间：1.119908s][吞吐率：0.89req/s] [内存消耗：2,427.56kb] [文件加载：63]

---------------------------------------------------------------
[ 2017-12-06T09:17:30+08:00 ] ::1 ::1 GET /index.php/index.html
[ log ] localhost/index.php/index.html [运行时间：1.097740s][吞吐率：0.91req/s] [内存消耗：2,333.88kb] [文件加载：59]

---------------------------------------------------------------
[ 2017-12-06T09:17:35+08:00 ] ::1 ::1 GET /index.php/article/2.html
[ log ] localhost/index.php/article/2.html [运行时间：1.108903s][吞吐率：0.90req/s] [内存消耗：2,427.80kb] [文件加载：63]

---------------------------------------------------------------
[ 2017-12-06T09:17:39+08:00 ] ::1 ::1 GET /index.php/article/all.html
[ log ] localhost/index.php/article/all.html [运行时间：1.107758s][吞吐率：0.90req/s] [内存消耗：2,547.97kb] [文件加载：65]

---------------------------------------------------------------
[ 2017-12-06T09:17:41+08:00 ] ::1 ::1 GET /index.php/index.html
[ log ] localhost/index.php/index.html [运行时间：1.092574s][吞吐率：0.92req/s] [内存消耗：2,333.88kb] [文件加载：59]

---------------------------------------------------------------
[ 2017-12-06T09:17:48+08:00 ] ::1 ::1 GET /index.php/admin.html
[ log ] localhost/index.php/admin.html [运行时间：1.097761s][吞吐率：0.91req/s] [内存消耗：2,522.88kb] [文件加载：57]

---------------------------------------------------------------
[ 2017-12-06T09:17:49+08:00 ] ::1 ::1 POST /index.php/admin/Index/version
[ log ] localhost/index.php/admin/Index/version [运行时间：1.311808s][吞吐率：0.76req/s] [内存消耗：2,506.36kb] [文件加载：58]

---------------------------------------------------------------
[ 2017-12-06T09:17:55+08:00 ] ::1 ::1 GET /index.php/admin/Index/personal.html
[ log ] localhost/index.php/admin/Index/personal.html [运行时间：1.107668s][吞吐率：0.90req/s] [内存消耗：2,654.70kb] [文件加载：59]

---------------------------------------------------------------
[ 2017-12-06T09:19:42+08:00 ] ::1 ::1 GET /index.php/admin/Index/web.html
[ log ] localhost/index.php/admin/Index/web.html [运行时间：1.060232s][吞吐率：0.94req/s] [内存消耗：2,526.54kb] [文件加载：57]

---------------------------------------------------------------
[ 2017-12-06T09:21:52+08:00 ] ::1 ::1 GET /index.php/article/2.html
[ log ] localhost/index.php/article/2.html [运行时间：1.115401s][吞吐率：0.90req/s] [内存消耗：2,427.70kb] [文件加载：63]

---------------------------------------------------------------
[ 2017-12-06T09:22:52+08:00 ] ::1 ::1 GET /index.php/article/2.html
[ log ] localhost/index.php/article/2.html [运行时间：1.112331s][吞吐率：0.90req/s] [内存消耗：2,427.70kb] [文件加载：63]

---------------------------------------------------------------
[ 2017-12-06T09:22:56+08:00 ] ::1 ::1 GET /index.php/admin/Index/web.html
[ log ] localhost/index.php/admin/Index/web.html [运行时间：1.071177s][吞吐率：0.93req/s] [内存消耗：2,526.54kb] [文件加载：57]

---------------------------------------------------------------
[ 2017-12-06T09:24:39+08:00 ] ::1 ::1 GET /index.php/admin/Index/web.html
[ log ] localhost/index.php/admin/Index/web.html [运行时间：1.074358s][吞吐率：0.93req/s] [内存消耗：2,526.59kb] [文件加载：57]

---------------------------------------------------------------
[ 2017-12-06T09:26:28+08:00 ] ::1 ::1 GET /index.php/admin/Index/web.html
[ log ] localhost/index.php/admin/Index/web.html [运行时间：1.077745s][吞吐率：0.93req/s] [内存消耗：2,526.54kb] [文件加载：57]

---------------------------------------------------------------
[ 2017-12-06T09:26:34+08:00 ] ::1 ::1 GET /index.php/article/2.html
[ log ] localhost/index.php/article/2.html [运行时间：1.123466s][吞吐率：0.89req/s] [内存消耗：2,427.70kb] [文件加载：63]

---------------------------------------------------------------
[ 2017-12-06T09:28:02+08:00 ] ::1 ::1 GET /index.php/article/2.html
[ log ] localhost/index.php/article/2.html [运行时间：1.114123s][吞吐率：0.90req/s] [内存消耗：2,427.70kb] [文件加载：63]

---------------------------------------------------------------
[ 2017-12-06T09:28:06+08:00 ] ::1 ::1 GET /index.php/admin/Index/web.html
[ log ] localhost/index.php/admin/Index/web.html [运行时间：1.083179s][吞吐率：0.92req/s] [内存消耗：2,526.54kb] [文件加载：57]

---------------------------------------------------------------
[ 2017-12-06T09:30:14+08:00 ] ::1 ::1 GET /index.php
[ log ] localhost/index.php [运行时间：1.063774s][吞吐率：0.94req/s] [内存消耗：2,224.46kb] [文件加载：55]

---------------------------------------------------------------
[ 2017-12-06T09:37:03+08:00 ] ::1 ::1 GET /index.php
[ log ] localhost/index.php [运行时间：1.104825s][吞吐率：0.91req/s] [内存消耗：2,354.51kb] [文件加载：61]
[ error ] [0]variable type error： boolean

---------------------------------------------------------------
[ 2017-12-06T09:37:10+08:00 ] ::1 ::1 GET /index.php
[ log ] localhost/index.php [运行时间：1.109977s][吞吐率：0.90req/s] [内存消耗：2,354.56kb] [文件加载：61]
[ error ] [0]variable type error： boolean

---------------------------------------------------------------
[ 2017-12-06T09:38:33+08:00 ] ::1 ::1 GET /index.php
[ log ] localhost/index.php [运行时间：1.127592s][吞吐率：0.89req/s] [内存消耗：2,334.08kb] [文件加载：59]

---------------------------------------------------------------
[ 2017-12-06T09:38:38+08:00 ] ::1 ::1 GET /index.php
[ log ] localhost/index.php [运行时间：1.078910s][吞吐率：0.93req/s] [内存消耗：2,334.08kb] [文件加载：59]

---------------------------------------------------------------
[ 2017-12-06T09:39:19+08:00 ] ::1 ::1 GET /index.php
[ log ] localhost/index.php [运行时间：1.145911s][吞吐率：0.87req/s] [内存消耗：2,269.77kb] [文件加载：59]
[ error ] [2]Missing argument 1 for think\Cache::get(), called in C:\Users\flyingBugger\Desktop\ar\cms\application\index\controller\Index.php on line 79 and defined

---------------------------------------------------------------
[ 2017-12-06T09:39:33+08:00 ] ::1 ::1 GET /index.php
[ log ] localhost/index.php [运行时间：1.114085s][吞吐率：0.90req/s] [内存消耗：2,334.08kb] [文件加载：59]

---------------------------------------------------------------
[ 2017-12-06T09:40:08+08:00 ] ::1 ::1 GET /index.php
[ log ] localhost/index.php [运行时间：1.090504s][吞吐率：0.92req/s] [内存消耗：2,334.16kb] [文件加载：59]

---------------------------------------------------------------
[ 2017-12-06T09:40:31+08:00 ] ::1 ::1 GET /index.php
[ log ] localhost/index.php [运行时间：1.086339s][吞吐率：0.92req/s] [内存消耗：2,334.16kb] [文件加载：59]

---------------------------------------------------------------
[ 2017-12-06T09:40:51+08:00 ] ::1 ::1 GET /index.php
[ log ] localhost/index.php [运行时间：1.091712s][吞吐率：0.92req/s] [内存消耗：2,334.08kb] [文件加载：59]

---------------------------------------------------------------
[ 2017-12-06T09:41:07+08:00 ] ::1 ::1 GET /index.php
[ log ] localhost/index.php [运行时间：1.093645s][吞吐率：0.91req/s] [内存消耗：2,334.16kb] [文件加载：59]

---------------------------------------------------------------
[ 2017-12-06T09:41:58+08:00 ] ::1 ::1 GET /index.php
[ log ] localhost/index.php [运行时间：1.133440s][吞吐率：0.88req/s] [内存消耗：2,469.95kb] [文件加载：61]

---------------------------------------------------------------
[ 2017-12-06T09:43:20+08:00 ] ::1 ::1 GET /index.php/admin/Index/web.html
[ log ] localhost/index.php/admin/Index/web.html [运行时间：1.101476s][吞吐率：0.91req/s] [内存消耗：2,713.94kb] [文件加载：63]
[ error ] [8]未定义变量: title

---------------------------------------------------------------
[ 2017-12-06T09:43:49+08:00 ] ::1 ::1 GET /index.php/admin/Index/web.html
[ log ] localhost/index.php/admin/Index/web.html [运行时间：1.092197s][吞吐率：0.92req/s] [内存消耗：2,551.27kb] [文件加载：61]
[ error ] [8]未定义变量: title[C:\Users\flyingBugger\Desktop\ar\cms\runtime\temp\7676538488de3de474442f41e4ecfaab.php:10]

---------------------------------------------------------------
[ 2017-12-06T09:44:42+08:00 ] ::1 ::1 GET /index.php/admin/Index/web.html
[ log ] localhost/index.php/admin/Index/web.html [运行时间：1.096074s][吞吐率：0.91req/s] [内存消耗：2,718.19kb] [文件加载：63]
[ error ] [8]未定义变量: subtitle[C:\Users\flyingBugger\Desktop\ar\cms\runtime\temp\7676538488de3de474442f41e4ecfaab.php:10]

---------------------------------------------------------------
[ 2017-12-06T09:44:49+08:00 ] ::1 ::1 GET /index.php/admin/Index/web.html
[ log ] localhost/index.php/admin/Index/web.html [运行时间：1.078939s][吞吐率：0.93req/s] [内存消耗：2,690.89kb] [文件加载：59]

---------------------------------------------------------------
[ 2017-12-06T09:53:29+08:00 ] ::1 ::1 GET /index.php
[ log ] localhost/index.php [运行时间：1.121597s][吞吐率：0.89req/s] [内存消耗：2,474.20kb] [文件加载：61]

---------------------------------------------------------------
[ 2017-12-06T09:56:26+08:00 ] ::1 ::1 GET /index.php
[ log ] localhost/index.php [运行时间：1.145556s][吞吐率：0.87req/s] [内存消耗：2,473.84kb] [文件加载：61]

---------------------------------------------------------------
[ 2017-12-06T09:56:34+08:00 ] ::1 ::1 GET /index.php/article/2.html
[ log ] localhost/index.php/article/2.html [运行时间：1.289228s][吞吐率：0.78req/s] [内存消耗：2,569.23kb] [文件加载：65]

---------------------------------------------------------------
[ 2017-12-06T09:56:48+08:00 ] ::1 ::1 GET /index.php/article/2.html
[ log ] localhost/index.php/article/2.html [运行时间：1.098761s][吞吐率：0.91req/s] [内存消耗：2,431.94kb] [文件加载：63]

---------------------------------------------------------------
[ 2017-12-06T09:56:50+08:00 ] ::1 ::1 GET /index.php/index.html
[ log ] localhost/index.php/index.html [运行时间：1.094424s][吞吐率：0.91req/s] [内存消耗：2,337.99kb] [文件加载：59]

---------------------------------------------------------------
[ 2017-12-06T09:57:02+08:00 ] ::1 ::1 GET /index.php/index.html
[ log ] localhost/index.php/index.html [运行时间：1.102661s][吞吐率：0.91req/s] [内存消耗：2,473.92kb] [文件加载：61]

---------------------------------------------------------------
[ 2017-12-06T09:57:21+08:00 ] ::1 ::1 GET /index.php/index.html
[ log ] localhost/index.php/index.html [运行时间：1.103763s][吞吐率：0.91req/s] [内存消耗：2,473.92kb] [文件加载：61]

---------------------------------------------------------------
[ 2017-12-06T10:00:33+08:00 ] ::1 ::1 GET /index.php/admin/Index/web.html
[ log ] localhost/index.php/admin/Index/web.html [运行时间：1.089299s][吞吐率：0.92req/s] [内存消耗：2,690.86kb] [文件加载：59]

---------------------------------------------------------------
[ 2017-12-06T10:00:50+08:00 ] ::1 ::1 GET /index.php/admin/Index/web.html
[ log ] localhost/index.php/admin/Index/web.html [运行时间：1.240022s][吞吐率：0.81req/s] [内存消耗：2,534.46kb] [文件加载：57]

---------------------------------------------------------------
[ 2017-12-06T10:00:58+08:00 ] ::1 ::1 GET /index.php/admin/Index/web.html
[ log ] localhost/index.php/admin/Index/web.html [运行时间：1.103984s][吞吐率：0.91req/s] [内存消耗：2,717.80kb] [文件加载：63]
[ error ] [8]未定义变量: title[C:\Users\flyingBugger\Desktop\ar\cms\runtime\temp\7676538488de3de474442f41e4ecfaab.php:10]

---------------------------------------------------------------
[ 2017-12-06T10:03:06+08:00 ] ::1 ::1 GET /index.php/admin/test
[ log ] localhost/index.php/admin/test [运行时间：0.032442s][吞吐率：30.82req/s] [内存消耗：1,074.22kb] [文件加载：39]

---------------------------------------------------------------
[ 2017-12-06T10:03:15+08:00 ] ::1 ::1 GET /index.php/admin/test
[ log ] localhost/index.php/admin/test [运行时间：0.026695s][吞吐率：37.46req/s] [内存消耗：1,074.53kb] [文件加载：39]

---------------------------------------------------------------
[ 2017-12-06T10:03:22+08:00 ] ::1 ::1 GET /index.php/admin/test.html
[ log ] localhost/index.php/admin/test.html [运行时间：0.026395s][吞吐率：37.89req/s] [内存消耗：1,074.34kb] [文件加载：39]

---------------------------------------------------------------
[ 2017-12-06T10:03:33+08:00 ] ::1 ::1 GET /index.php/admin/Index/test.html
[ log ] localhost/index.php/admin/Index/test.html [运行时间：1.075476s][吞吐率：0.93req/s] [内存消耗：2,500.53kb] [文件加载：56]

---------------------------------------------------------------
[ 2017-12-06T10:03:38+08:00 ] ::1 ::1 GET /index.php/admin/Index/test.html
[ log ] localhost/index.php/admin/Index/test.html [运行时间：1.089282s][吞吐率：0.92req/s] [内存消耗：2,526.70kb] [文件加载：59]
[ error ] [0]模板文件不存在:C:\Users\flyingBugger\Desktop\ar\cms/application/admin\view\index\test.html[C:\Users\flyingBugger\Desktop\ar\cms\catfish\library\think\view\driver\Think.php:78]

---------------------------------------------------------------
[ 2017-12-06T10:04:30+08:00 ] ::1 ::1 GET /index.php/index.html
[ log ] localhost/index.php/index.html [运行时间：1.093423s][吞吐率：0.91req/s] [内存消耗：2,337.99kb] [文件加载：59]

---------------------------------------------------------------
[ 2017-12-06T10:04:35+08:00 ] ::1 ::1 GET /index.php/admin/Index
[ log ] localhost/index.php/admin/Index [运行时间：1.138557s][吞吐率：0.88req/s] [内存消耗：2,673.06kb] [文件加载：59]

---------------------------------------------------------------
[ 2017-12-06T10:04:35+08:00 ] ::1 ::1 POST /index.php/admin/admin/Index/version
[ log ] localhost/index.php/admin/admin/Index/version [运行时间：0.035884s][吞吐率：27.87req/s] [内存消耗：1,074.84kb] [文件加载：39]

---------------------------------------------------------------
[ 2017-12-06T10:05:10+08:00 ] ::1 ::1 GET /index.php/admin/Index
[ log ] localhost/index.php/admin/Index [运行时间：1.089055s][吞吐率：0.92req/s] [内存消耗：2,671.37kb] [文件加载：59]

---------------------------------------------------------------
[ 2017-12-06T10:05:10+08:00 ] ::1 ::1 POST /index.php/admin/admin/Index/version
[ log ] localhost/index.php/admin/admin/Index/version [运行时间：0.031344s][吞吐率：31.90req/s] [内存消耗：1,074.84kb] [文件加载：39]

---------------------------------------------------------------
[ 2017-12-06T10:05:17+08:00 ] ::1 ::1 GET /index.php/admin/Index
[ log ] localhost/index.php/admin/Index [运行时间：1.111573s][吞吐率：0.90req/s] [内存消耗：2,673.29kb] [文件加载：59]

---------------------------------------------------------------
[ 2017-12-06T10:05:17+08:00 ] ::1 ::1 POST /index.php/admin/admin/Index/version
[ log ] localhost/index.php/admin/admin/Index/version [运行时间：0.030696s][吞吐率：32.58req/s] [内存消耗：1,074.84kb] [文件加载：39]

---------------------------------------------------------------
[ 2017-12-06T10:05:49+08:00 ] ::1 ::1 GET /index.php/admin/Index
[ log ] localhost/index.php/admin/Index [运行时间：1.101133s][吞吐率：0.91req/s] [内存消耗：2,672.80kb] [文件加载：59]

---------------------------------------------------------------
[ 2017-12-06T10:05:49+08:00 ] ::1 ::1 POST /index.php/admin/admin/Index/version
[ log ] localhost/index.php/admin/admin/Index/version [运行时间：0.032340s][吞吐率：30.92req/s] [内存消耗：1,074.84kb] [文件加载：39]

---------------------------------------------------------------
[ 2017-12-06T10:06:16+08:00 ] ::1 ::1 GET /index.php/admin/Index
[ log ] localhost/index.php/admin/Index [运行时间：1.112025s][吞吐率：0.90req/s] [内存消耗：2,673.29kb] [文件加载：59]

---------------------------------------------------------------
[ 2017-12-06T10:06:16+08:00 ] ::1 ::1 POST /index.php/admin/admin/Index/version
[ log ] localhost/index.php/admin/admin/Index/version [运行时间：0.027737s][吞吐率：36.05req/s] [内存消耗：1,074.84kb] [文件加载：39]

---------------------------------------------------------------
[ 2017-12-06T10:06:41+08:00 ] ::1 ::1 GET /index.php/admin/Index
[ log ] localhost/index.php/admin/Index [运行时间：1.125978s][吞吐率：0.89req/s] [内存消耗：2,673.31kb] [文件加载：59]

---------------------------------------------------------------
[ 2017-12-06T10:06:41+08:00 ] ::1 ::1 POST /index.php/admin/admin/Index/version
[ log ] localhost/index.php/admin/admin/Index/version [运行时间：0.030538s][吞吐率：32.75req/s] [内存消耗：1,074.84kb] [文件加载：39]

---------------------------------------------------------------
[ 2017-12-06T10:06:44+08:00 ] ::1 ::1 GET /index.php/admin/Index/write.html
[ log ] localhost/index.php/admin/Index/write.html [运行时间：1.156424s][吞吐率：0.86req/s] [内存消耗：2,693.28kb] [文件加载：60]

---------------------------------------------------------------
[ 2017-12-06T10:09:29+08:00 ] ::1 ::1 GET /index.php/admin/Index/write.html
[ log ] localhost/index.php/admin/Index/write.html [运行时间：1.098343s][吞吐率：0.91req/s] [内存消耗：2,692.05kb] [文件加载：60]

---------------------------------------------------------------
[ 2017-12-06T10:09:46+08:00 ] ::1 ::1 GET /index.php/admin/Index/write.html
[ log ] localhost/index.php/admin/Index/write.html [运行时间：1.096629s][吞吐率：0.91req/s] [内存消耗：2,693.28kb] [文件加载：60]

---------------------------------------------------------------
[ 2017-12-06T10:11:08+08:00 ] ::1 ::1 GET /index.php/admin/Index/write.html
[ log ] localhost/index.php/admin/Index/write.html [运行时间：1.074410s][吞吐率：0.93req/s] [内存消耗：2,693.27kb] [文件加载：60]

---------------------------------------------------------------
[ 2017-12-06T10:11:23+08:00 ] ::1 ::1 GET /index.php/admin/Index/write.html
[ log ] localhost/index.php/admin/Index/write.html [运行时间：1.105421s][吞吐率：0.90req/s] [内存消耗：2,693.24kb] [文件加载：60]

---------------------------------------------------------------
[ 2017-12-06T10:11:26+08:00 ] ::1 ::1 GET /index.php/index.html
[ log ] localhost/index.php/index.html [运行时间：1.198395s][吞吐率：0.83req/s] [内存消耗：2,456.50kb] [文件加载：64]

---------------------------------------------------------------
[ 2017-12-06T10:11:32+08:00 ] ::1 ::1 GET /index.php/admin/Index/write.html
[ log ] localhost/index.php/admin/Index/write.html [运行时间：1.077494s][吞吐率：0.93req/s] [内存消耗：2,535.73kb] [文件加载：58]

---------------------------------------------------------------
[ 2017-12-06T10:11:55+08:00 ] ::1 ::1 POST /index.php/admin/Index/write.html
[ log ] localhost/index.php/admin/Index/write.html [运行时间：1.179265s][吞吐率：0.85req/s] [内存消耗：2,548.92kb] [文件加载：58]

---------------------------------------------------------------
[ 2017-12-06T10:11:59+08:00 ] ::1 ::1 GET /index.php/admin/Index/messages.html
[ log ] localhost/index.php/admin/Index/messages.html [运行时间：1.113564s][吞吐率：0.90req/s] [内存消耗：2,749.45kb] [文件加载：63]

---------------------------------------------------------------
[ 2017-12-06T10:12:05+08:00 ] ::1 ::1 GET /index.php/admin/Index/newpage.html
[ log ] localhost/index.php/admin/Index/newpage.html [运行时间：1.101374s][吞吐率：0.91req/s] [内存消耗：2,667.79kb] [文件加载：59]

---------------------------------------------------------------
[ 2017-12-06T10:12:10+08:00 ] ::1 ::1 GET /index.php/admin/Index/allpage.html
[ log ] localhost/index.php/admin/Index/allpage.html [运行时间：1.118715s][吞吐率：0.89req/s] [内存消耗：2,761.59kb] [文件加载：63]

---------------------------------------------------------------
[ 2017-12-06T10:12:14+08:00 ] ::1 ::1 GET /index.php/admin/Index/general.html
[ log ] localhost/index.php/admin/Index/general.html [运行时间：1.093157s][吞吐率：0.91req/s] [内存消耗：2,766.41kb] [文件加载：63]

---------------------------------------------------------------
[ 2017-12-06T10:12:24+08:00 ] ::1 ::1 GET /index.php/admin/Index/web.html
[ log ] localhost/index.php/admin/Index/web.html [运行时间：1.094012s][吞吐率：0.91req/s] [内存消耗：2,690.17kb] [文件加载：59]

---------------------------------------------------------------
[ 2017-12-06T10:12:30+08:00 ] ::1 ::1 GET /index.php/admin/Index/themes.html
[ log ] localhost/index.php/admin/Index/themes.html [运行时间：1.091403s][吞吐率：0.92req/s] [内存消耗：2,656.17kb] [文件加载：59]

---------------------------------------------------------------
[ 2017-12-06T10:12:43+08:00 ] ::1 ::1 POST /index.php/admin/Index/themes.html
[ log ] localhost/index.php/admin/Index/themes.html [运行时间：1.079950s][吞吐率：0.93req/s] [内存消耗：2,535.18kb] [文件加载：58]

---------------------------------------------------------------
[ 2017-12-06T10:12:49+08:00 ] ::1 ::1 GET /index.php/index.html
[ log ] localhost/index.php/index.html [运行时间：1.224971s][吞吐率：0.82req/s] [内存消耗：2,595.14kb] [文件加载：66]

---------------------------------------------------------------
[ 2017-12-06T10:13:17+08:00 ] ::1 ::1 GET /index.php/admin/Index/write.html
[ log ] localhost/index.php/admin/Index/write.html [运行时间：1.081024s][吞吐率：0.93req/s] [内存消耗：2,535.77kb] [文件加载：58]

---------------------------------------------------------------
[ 2017-12-06T10:13:24+08:00 ] ::1 ::1 POST /index.php/admin/Index/write.html
[ log ] localhost/index.php/admin/Index/write.html [运行时间：1.110134s][吞吐率：0.90req/s] [内存消耗：2,548.43kb] [文件加载：58]

---------------------------------------------------------------
[ 2017-12-06T10:13:30+08:00 ] ::1 ::1 POST /index.php/admin/Index/write.html
[ log ] localhost/index.php/admin/Index/write.html [运行时间：1.088215s][吞吐率：0.92req/s] [内存消耗：2,548.37kb] [文件加载：58]

---------------------------------------------------------------
[ 2017-12-06T10:13:33+08:00 ] ::1 ::1 GET /index.php/index.html
[ log ] localhost/index.php/index.html [运行时间：1.113516s][吞吐率：0.90req/s] [内存消耗：2,346.89kb] [文件加载：59]

---------------------------------------------------------------
[ 2017-12-06T10:13:41+08:00 ] ::1 ::1 GET /index.php/admin/Index/addclassify.html
[ log ] localhost/index.php/admin/Index/addclassify.html [运行时间：1.119904s][吞吐率：0.89req/s] [内存消耗：2,668.23kb] [文件加载：60]

---------------------------------------------------------------
[ 2017-12-06T10:13:46+08:00 ] ::1 ::1 GET /index.php/admin/Index/write.html
[ log ] localhost/index.php/admin/Index/write.html [运行时间：1.089290s][吞吐率：0.92req/s] [内存消耗：2,535.72kb] [文件加载：58]

---------------------------------------------------------------
[ 2017-12-06T10:13:51+08:00 ] ::1 ::1 POST /index.php/admin/Index/write.html
[ log ] localhost/index.php/admin/Index/write.html [运行时间：1.108792s][吞吐率：0.90req/s] [内存消耗：2,548.44kb] [文件加载：58]

---------------------------------------------------------------
[ 2017-12-06T10:13:55+08:00 ] ::1 ::1 GET /index.php/index.html
[ log ] localhost/index.php/index.html [运行时间：1.119344s][吞吐率：0.89req/s] [内存消耗：2,346.89kb] [文件加载：59]

---------------------------------------------------------------
[ 2017-12-06T10:14:04+08:00 ] ::1 ::1 GET /index.php/admin/Index/articles.html
[ log ] localhost/index.php/admin/Index/articles.html [运行时间：1.106135s][吞吐率：0.90req/s] [内存消耗：2,787.83kb] [文件加载：64]

---------------------------------------------------------------
[ 2017-12-06T10:14:11+08:00 ] ::1 ::1 GET /index.php/admin/Index/write.html
[ log ] localhost/index.php/admin/Index/write.html [运行时间：1.112903s][吞吐率：0.90req/s] [内存消耗：2,535.73kb] [文件加载：58]

---------------------------------------------------------------
[ 2017-12-06T10:14:15+08:00 ] ::1 ::1 POST /index.php/admin/Index/write.html
[ log ] localhost/index.php/admin/Index/write.html [运行时间：1.099440s][吞吐率：0.91req/s] [内存消耗：2,548.39kb] [文件加载：58]

---------------------------------------------------------------
[ 2017-12-06T10:14:19+08:00 ] ::1 ::1 GET /index.php/index.html
[ log ] localhost/index.php/index.html [运行时间：1.088775s][吞吐率：0.92req/s] [内存消耗：2,346.89kb] [文件加载：59]

---------------------------------------------------------------
[ 2017-12-06T10:14:23+08:00 ] ::1 ::1 GET /index.php/index.html
[ log ] localhost/index.php/index.html [运行时间：1.094802s][吞吐率：0.91req/s] [内存消耗：2,346.77kb] [文件加载：59]

---------------------------------------------------------------
[ 2017-12-06T10:14:25+08:00 ] ::1 ::1 GET /index.php/index.html
[ log ] localhost/index.php/index.html [运行时间：1.076508s][吞吐率：0.93req/s] [内存消耗：2,346.77kb] [文件加载：59]

---------------------------------------------------------------
[ 2017-12-06T10:14:32+08:00 ] ::1 ::1 GET /index.php/index.html
[ log ] localhost/index.php/index.html [运行时间：1.088348s][吞吐率：0.92req/s] [内存消耗：2,347.02kb] [文件加载：59]

---------------------------------------------------------------
[ 2017-12-06T10:14:37+08:00 ] ::1 ::1 GET /index.php/admin/Index/articles.html
[ log ] localhost/index.php/admin/Index/articles.html [运行时间：1.105464s][吞吐率：0.90req/s] [内存消耗：2,640.55kb] [文件加载：62]

---------------------------------------------------------------
[ 2017-12-06T10:14:44+08:00 ] ::1 ::1 GET /index.php/admin/index/rewrite.html?art=3
[ log ] localhost/index.php/admin/index/rewrite.html?art=3 [运行时间：1.159010s][吞吐率：0.86req/s] [内存消耗：2,717.44kb] [文件加载：60]

---------------------------------------------------------------
[ 2017-12-06T10:14:54+08:00 ] ::1 ::1 POST /index.php/admin/index/rewrite.html?art=3
[ log ] localhost/index.php/admin/index/rewrite.html?art=3 [运行时间：1.126757s][吞吐率：0.89req/s] [内存消耗：2,565.25kb] [文件加载：58]

---------------------------------------------------------------
[ 2017-12-06T10:14:58+08:00 ] ::1 ::1 GET /index.php/admin/Index/articles.html
[ log ] localhost/index.php/admin/Index/articles.html [运行时间：1.099580s][吞吐率：0.91req/s] [内存消耗：2,640.55kb] [文件加载：62]

---------------------------------------------------------------
[ 2017-12-06T10:15:02+08:00 ] ::1 ::1 POST /index.php/admin/Index/modify
[ log ] localhost/index.php/admin/Index/modify [运行时间：1.083390s][吞吐率：0.92req/s] [内存消耗：2,516.86kb] [文件加载：57]

---------------------------------------------------------------
[ 2017-12-06T10:15:06+08:00 ] ::1 ::1 GET /index.php/index.html
[ log ] localhost/index.php/index.html [运行时间：1.098939s][吞吐率：0.91req/s] [内存消耗：2,349.09kb] [文件加载：59]

---------------------------------------------------------------
[ 2017-12-06T10:15:11+08:00 ] ::1 ::1 GET /index.php/article/3.html
[ log ] localhost/index.php/article/3.html [运行时间：1.158930s][吞吐率：0.86req/s] [内存消耗：2,618.84kb] [文件加载：65]

---------------------------------------------------------------
[ 2017-12-06T10:15:15+08:00 ] ::1 ::1 GET /index.php/article/4.html
[ log ] localhost/index.php/article/4.html [运行时间：1.357795s][吞吐率：0.74req/s] [内存消耗：2,473.04kb] [文件加载：63]

---------------------------------------------------------------
[ 2017-12-06T10:15:18+08:00 ] ::1 ::1 GET /index.php/article/2.html
[ log ] localhost/index.php/article/2.html [运行时间：1.106331s][吞吐率：0.90req/s] [内存消耗：2,472.92kb] [文件加载：63]

---------------------------------------------------------------
[ 2017-12-06T10:15:22+08:00 ] ::1 ::1 GET /index.php/index.html
[ log ] localhost/index.php/index.html [运行时间：1.091496s][吞吐率：0.92req/s] [内存消耗：2,331.73kb] [文件加载：59]

---------------------------------------------------------------
[ 2017-12-06T10:15:26+08:00 ] ::1 ::1 GET /index.php/article/2.html
[ log ] localhost/index.php/article/2.html [运行时间：1.106772s][吞吐率：0.90req/s] [内存消耗：2,472.91kb] [文件加载：63]

---------------------------------------------------------------
[ 2017-12-06T10:21:13+08:00 ] ::1 ::1 POST /index.php/admin/index/rewrite.html?art=3
[ log ] localhost/index.php/admin/index/rewrite.html?art=3 [运行时间：1.112780s][吞吐率：0.90req/s] [内存消耗：2,565.46kb] [文件加载：58]

---------------------------------------------------------------
[ 2017-12-06T10:21:56+08:00 ] ::1 ::1 GET /index.php/admin/Index/slideshow.html
[ log ] localhost/index.php/admin/Index/slideshow.html [运行时间：1.101689s][吞吐率：0.91req/s] [内存消耗：2,672.58kb] [文件加载：59]

---------------------------------------------------------------
[ 2017-12-06T10:22:09+08:00 ] ::1 ::1 POST /index.php/admin/Index/removeSlide
[ log ] localhost/index.php/admin/Index/removeSlide [运行时间：1.121244s][吞吐率：0.89req/s] [内存消耗：2,510.28kb] [文件加载：57]

---------------------------------------------------------------
[ 2017-12-06T10:22:19+08:00 ] ::1 ::1 GET /index.php/admin/Index/allpage.html
[ log ] localhost/index.php/admin/Index/allpage.html [运行时间：1.082634s][吞吐率：0.92req/s] [内存消耗：2,623.93kb] [文件加载：61]

---------------------------------------------------------------
[ 2017-12-06T10:22:27+08:00 ] ::1 ::1 GET /index.php/admin/Index/themes.html
[ log ] localhost/index.php/admin/Index/themes.html [运行时间：1.086465s][吞吐率：0.92req/s] [内存消耗：2,523.45kb] [文件加载：57]

---------------------------------------------------------------
[ 2017-12-06T10:22:29+08:00 ] ::1 ::1 GET /index.php/admin/Index/personal.html
[ log ] localhost/index.php/admin/Index/personal.html [运行时间：1.160467s][吞吐率：0.86req/s] [内存消耗：2,669.95kb] [文件加载：59]

---------------------------------------------------------------
[ 2017-12-06T10:22:32+08:00 ] ::1 ::1 GET /index.php/admin/Index/web.html
[ log ] localhost/index.php/admin/Index/web.html [运行时间：1.077042s][吞吐率：0.93req/s] [内存消耗：2,533.97kb] [文件加载：57]

---------------------------------------------------------------
[ 2017-12-06T10:22:45+08:00 ] ::1 ::1 GET /index.php/admin/Index/allpage.html
[ log ] localhost/index.php/admin/Index/allpage.html [运行时间：1.087905s][吞吐率：0.92req/s] [内存消耗：2,623.97kb] [文件加载：61]

---------------------------------------------------------------
[ 2017-12-06T10:22:50+08:00 ] ::1 ::1 GET /index.php/admin/Index/articles.html
[ log ] localhost/index.php/admin/Index/articles.html [运行时间：1.093443s][吞吐率：0.91req/s] [内存消耗：2,640.55kb] [文件加载：62]

---------------------------------------------------------------
[ 2017-12-06T10:22:53+08:00 ] ::1 ::1 GET /index.php/admin/Index/write.html
[ log ] localhost/index.php/admin/Index/write.html [运行时间：1.083354s][吞吐率：0.92req/s] [内存消耗：2,535.73kb] [文件加载：58]

---------------------------------------------------------------
[ 2017-12-06T10:24:18+08:00 ] ::1 ::1 GET /index.php/admin/Index/articles.html
[ log ] localhost/index.php/admin/Index/articles.html [运行时间：1.105160s][吞吐率：0.90req/s] [内存消耗：2,640.55kb] [文件加载：62]

---------------------------------------------------------------
[ 2017-12-06T10:24:22+08:00 ] ::1 ::1 GET /index.php/admin/Index/write.html
[ log ] localhost/index.php/admin/Index/write.html [运行时间：1.087765s][吞吐率：0.92req/s] [内存消耗：2,535.73kb] [文件加载：58]

---------------------------------------------------------------
[ 2017-12-06T10:24:24+08:00 ] ::1 ::1 GET /index.php/admin/Index/classify.html
[ log ] localhost/index.php/admin/Index/classify.html [运行时间：1.105900s][吞吐率：0.90req/s] [内存消耗：2,669.43kb] [文件加载：60]

---------------------------------------------------------------
[ 2017-12-06T10:24:28+08:00 ] ::1 ::1 GET /index.php/admin/index/addclassify.html?c=1
[ log ] localhost/index.php/admin/index/addclassify.html?c=1 [运行时间：1.071339s][吞吐率：0.93req/s] [内存消耗：2,535.44kb] [文件加载：58]

---------------------------------------------------------------
[ 2017-12-06T10:24:38+08:00 ] ::1 ::1 POST /index.php/admin/index/addclassify.html?c=1
[ log ] localhost/index.php/admin/index/addclassify.html?c=1 [运行时间：1.072843s][吞吐率：0.93req/s] [内存消耗：2,538.76kb] [文件加载：58]

---------------------------------------------------------------
[ 2017-12-06T10:24:41+08:00 ] ::1 ::1 GET /index.php/article/2.html
[ log ] localhost/index.php/article/2.html [运行时间：1.107276s][吞吐率：0.90req/s] [内存消耗：2,472.91kb] [文件加载：63]

---------------------------------------------------------------
[ 2017-12-06T10:24:43+08:00 ] ::1 ::1 GET /index.php/index.html
[ log ] localhost/index.php/index.html [运行时间：1.108177s][吞吐率：0.90req/s] [内存消耗：2,331.73kb] [文件加载：59]

---------------------------------------------------------------
[ 2017-12-06T10:24:52+08:00 ] ::1 ::1 GET /index.php/article/3.html
[ log ] localhost/index.php/article/3.html [运行时间：1.080684s][吞吐率：0.93req/s] [内存消耗：2,378.88kb] [文件加载：59]

---------------------------------------------------------------
[ 2017-12-06T10:24:55+08:00 ] ::1 ::1 GET /index.php/index.html
[ log ] localhost/index.php/index.html [运行时间：1.089643s][吞吐率：0.92req/s] [内存消耗：2,331.73kb] [文件加载：59]

---------------------------------------------------------------
[ 2017-12-06T10:25:08+08:00 ] ::1 ::1 GET /index.php/admin/Index/classify.html
[ log ] localhost/index.php/admin/Index/classify.html [运行时间：1.090758s][吞吐率：0.92req/s] [内存消耗：2,536.80kb] [文件加载：58]

---------------------------------------------------------------
[ 2017-12-06T10:25:12+08:00 ] ::1 ::1 GET /index.php/admin/index/modifyclassify.html?c=1
[ log ] localhost/index.php/admin/index/modifyclassify.html?c=1 [运行时间：1.088214s][吞吐率：0.92req/s] [内存消耗：2,671.38kb] [文件加载：60]

---------------------------------------------------------------
[ 2017-12-06T10:25:16+08:00 ] ::1 ::1 GET /index.php/admin/Index/classify.html
[ log ] localhost/index.php/admin/Index/classify.html [运行时间：1.103131s][吞吐率：0.91req/s] [内存消耗：2,536.64kb] [文件加载：58]

---------------------------------------------------------------
[ 2017-12-06T10:25:19+08:00 ] ::1 ::1 GET /index.php/admin/Index/articles.html
[ log ] localhost/index.php/admin/Index/articles.html [运行时间：1.092919s][吞吐率：0.91req/s] [内存消耗：2,641.81kb] [文件加载：62]

---------------------------------------------------------------
[ 2017-12-06T10:25:25+08:00 ] ::1 ::1 GET /index.php/admin/index/rewrite.html?art=7
[ log ] localhost/index.php/admin/index/rewrite.html?art=7 [运行时间：1.116751s][吞吐率：0.90req/s] [内存消耗：2,560.40kb] [文件加载：58]

---------------------------------------------------------------
[ 2017-12-06T10:25:49+08:00 ] ::1 ::1 POST /index.php/admin/index/rewrite.html?art=7
[ log ] localhost/index.php/admin/index/rewrite.html?art=7 [运行时间：1.131652s][吞吐率：0.88req/s] [内存消耗：2,565.66kb] [文件加载：58]

---------------------------------------------------------------
[ 2017-12-06T10:25:54+08:00 ] ::1 ::1 GET /index.php/index.html
[ log ] localhost/index.php/index.html [运行时间：1.066564s][吞吐率：0.94req/s] [内存消耗：2,331.73kb] [文件加载：59]

---------------------------------------------------------------
[ 2017-12-06T10:25:59+08:00 ] ::1 ::1 GET /index.php/article/3.html
[ log ] localhost/index.php/article/3.html [运行时间：1.101337s][吞吐率：0.91req/s] [内存消耗：2,378.88kb] [文件加载：59]

---------------------------------------------------------------
[ 2017-12-06T10:26:05+08:00 ] ::1 ::1 GET /index.php/article/3.html
[ log ] localhost/index.php/article/3.html [运行时间：1.118417s][吞吐率：0.89req/s] [内存消耗：2,378.88kb] [文件加载：59]

---------------------------------------------------------------
[ 2017-12-06T10:26:17+08:00 ] ::1 ::1 POST /index.php/index/Index/zan
[ log ] localhost/index.php/index/Index/zan [运行时间：1.082938s][吞吐率：0.92req/s] [内存消耗：2,248.92kb] [文件加载：56]

---------------------------------------------------------------
[ 2017-12-06T10:26:21+08:00 ] ::1 ::1 POST /index.php/index/Index/shoucang
[ log ] localhost/index.php/index/Index/shoucang [运行时间：1.108314s][吞吐率：0.90req/s] [内存消耗：2,288.18kb] [文件加载：57]

---------------------------------------------------------------
[ 2017-12-06T10:26:29+08:00 ] ::1 ::1 GET /index.php/index.html
[ log ] localhost/index.php/index.html [运行时间：1.101807s][吞吐率：0.91req/s] [内存消耗：2,331.73kb] [文件加载：59]

---------------------------------------------------------------
[ 2017-12-06T10:26:37+08:00 ] ::1 ::1 GET /index.php/article/2.html
[ log ] localhost/index.php/article/2.html [运行时间：1.119532s][吞吐率：0.89req/s] [内存消耗：2,472.91kb] [文件加载：63]

---------------------------------------------------------------
[ 2017-12-06T10:26:40+08:00 ] ::1 ::1 GET /index.php/index.html
[ log ] localhost/index.php/index.html [运行时间：1.079664s][吞吐率：0.93req/s] [内存消耗：2,331.61kb] [文件加载：59]

---------------------------------------------------------------
[ 2017-12-06T10:26:44+08:00 ] ::1 ::1 GET /index.php/article/3.html
[ log ] localhost/index.php/article/3.html [运行时间：1.091259s][吞吐率：0.92req/s] [内存消耗：2,378.88kb] [文件加载：59]

---------------------------------------------------------------
[ 2017-12-06T10:27:43+08:00 ] ::1 ::1 GET /index.php/index.html
[ log ] localhost/index.php/index.html [运行时间：1.075712s][吞吐率：0.93req/s] [内存消耗：2,331.73kb] [文件加载：59]

---------------------------------------------------------------
[ 2017-12-06T10:27:46+08:00 ] ::1 ::1 GET /index.php/article/2.html
[ log ] localhost/index.php/article/2.html [运行时间：1.089079s][吞吐率：0.92req/s] [内存消耗：2,472.91kb] [文件加载：63]

---------------------------------------------------------------
[ 2017-12-06T10:27:49+08:00 ] ::1 ::1 GET /index.php/index.html
[ log ] localhost/index.php/index.html [运行时间：1.095741s][吞吐率：0.91req/s] [内存消耗：2,331.73kb] [文件加载：59]

---------------------------------------------------------------
[ 2017-12-06T10:27:52+08:00 ] ::1 ::1 GET /index.php/article/3.html
[ log ] localhost/index.php/article/3.html [运行时间：1.099626s][吞吐率：0.91req/s] [内存消耗：2,378.88kb] [文件加载：59]

---------------------------------------------------------------
[ 2017-12-06T10:27:55+08:00 ] ::1 ::1 POST /index.php/index/Index/zan
[ log ] localhost/index.php/index/Index/zan [运行时间：1.078716s][吞吐率：0.93req/s] [内存消耗：2,248.92kb] [文件加载：56]

---------------------------------------------------------------
[ 2017-12-06T10:28:27+08:00 ] ::1 ::1 GET /index.php/article/3.html
[ log ] localhost/index.php/article/3.html [运行时间：1.102407s][吞吐率：0.91req/s] [内存消耗：2,378.88kb] [文件加载：59]

---------------------------------------------------------------
[ 2017-12-06T10:28:34+08:00 ] ::1 ::1 GET /index.php/index.html
[ log ] localhost/index.php/index.html [运行时间：1.093727s][吞吐率：0.91req/s] [内存消耗：2,331.73kb] [文件加载：59]

---------------------------------------------------------------
[ 2017-12-06T10:28:38+08:00 ] ::1 ::1 GET /index.php/index.html
[ log ] localhost/index.php/index.html [运行时间：1.085630s][吞吐率：0.92req/s] [内存消耗：2,331.77kb] [文件加载：59]

---------------------------------------------------------------
[ 2017-12-06T10:28:50+08:00 ] ::1 ::1 GET /index.php/admin/Index/addclassify.html
[ log ] localhost/index.php/admin/Index/addclassify.html [运行时间：1.092490s][吞吐率：0.92req/s] [内存消耗：2,536.05kb] [文件加载：58]

---------------------------------------------------------------
[ 2017-12-06T10:29:00+08:00 ] ::1 ::1 POST /index.php/admin/Index/addclassify.html
[ log ] localhost/index.php/admin/Index/addclassify.html [运行时间：1.111104s][吞吐率：0.90req/s] [内存消耗：2,539.70kb] [文件加载：58]

---------------------------------------------------------------
[ 2017-12-06T10:29:03+08:00 ] ::1 ::1 GET /index.php/admin/Index/classify.html
[ log ] localhost/index.php/admin/Index/classify.html [运行时间：1.084701s][吞吐率：0.92req/s] [内存消耗：2,538.19kb] [文件加载：58]

---------------------------------------------------------------
[ 2017-12-06T10:29:07+08:00 ] ::1 ::1 GET /index.php/index.html
[ log ] localhost/index.php/index.html [运行时间：1.102215s][吞吐率：0.91req/s] [内存消耗：2,331.61kb] [文件加载：59]

---------------------------------------------------------------
[ 2017-12-06T10:29:14+08:00 ] ::1 ::1 GET /index.php/article/2.html
[ log ] localhost/index.php/article/2.html [运行时间：1.111703s][吞吐率：0.90req/s] [内存消耗：2,472.78kb] [文件加载：63]

---------------------------------------------------------------
[ 2017-12-06T10:29:22+08:00 ] ::1 ::1 GET /index.php/article/3.html
[ log ] localhost/index.php/article/3.html [运行时间：1.097381s][吞吐率：0.91req/s] [内存消耗：2,378.80kb] [文件加载：59]

---------------------------------------------------------------
[ 2017-12-06T10:29:25+08:00 ] ::1 ::1 GET /index.php/index.html
[ log ] localhost/index.php/index.html [运行时间：1.077729s][吞吐率：0.93req/s] [内存消耗：2,331.77kb] [文件加载：59]

---------------------------------------------------------------
[ 2017-12-06T10:29:35+08:00 ] ::1 ::1 GET /index.php/admin/index/modifyclassify.html?c=3
[ log ] localhost/index.php/admin/index/modifyclassify.html?c=3 [运行时间：1.066367s][吞吐率：0.94req/s] [内存消耗：2,538.13kb] [文件加载：58]

---------------------------------------------------------------
[ 2017-12-06T10:29:44+08:00 ] ::1 ::1 GET /index.php/admin/Index/general.html
[ log ] localhost/index.php/admin/Index/general.html [运行时间：1.078832s][吞吐率：0.93req/s] [内存消耗：2,629.80kb] [文件加载：61]

---------------------------------------------------------------
[ 2017-12-06T10:29:49+08:00 ] ::1 ::1 GET /index.php/admin/Index/managemenu.html
[ log ] localhost/index.php/admin/Index/managemenu.html [运行时间：1.110838s][吞吐率：0.90req/s] [内存消耗：2,678.77kb] [文件加载：60]

---------------------------------------------------------------
[ 2017-12-06T10:29:52+08:00 ] ::1 ::1 GET /index.php/admin/Index/category.html
[ log ] localhost/index.php/admin/Index/category.html [运行时间：1.101193s][吞吐率：0.91req/s] [内存消耗：2,654.44kb] [文件加载：59]

---------------------------------------------------------------
[ 2017-12-06T10:29:55+08:00 ] ::1 ::1 GET /index.php/admin/Index/themes.html
[ log ] localhost/index.php/admin/Index/themes.html [运行时间：1.099874s][吞吐率：0.91req/s] [内存消耗：2,523.45kb] [文件加载：57]

---------------------------------------------------------------
[ 2017-12-06T10:30:09+08:00 ] ::1 ::1 GET /index.php/admin/Index/personal.html
[ log ] localhost/index.php/admin/Index/personal.html [运行时间：1.091911s][吞吐率：0.92req/s] [内存消耗：2,533.26kb] [文件加载：57]

---------------------------------------------------------------
[ 2017-12-06T10:30:13+08:00 ] ::1 ::1 GET /index.php/admin/Index/change.html
[ log ] localhost/index.php/admin/Index/change.html [运行时间：1.080955s][吞吐率：0.93req/s] [内存消耗：2,654.30kb] [文件加载：59]

---------------------------------------------------------------
[ 2017-12-06T10:30:16+08:00 ] ::1 ::1 GET /index.php/admin/Index/clearcache.html
[ log ] localhost/index.php/admin/Index/clearcache.html [运行时间：1.118395s][吞吐率：0.89req/s] [内存消耗：2,652.63kb] [文件加载：59]

---------------------------------------------------------------
[ 2017-12-06T10:30:18+08:00 ] ::1 ::1 POST /index.php/admin/Index/clearcache.html
[ log ] localhost/index.php/admin/Index/clearcache.html [运行时间：1.080931s][吞吐率：0.93req/s] [内存消耗：2,532.80kb] [文件加载：58]

---------------------------------------------------------------
